2026-05-11 17:26:53 INFO [17:26:53][日志]获取历史 200 成功了喵~
2026-05-11 17:26:54 INFO [17:26:54][日志]获取历史 200 成功了喵~
2026-05-11 17:26:56 INFO [17:26:56][日志]获取历史 200 成功了喵~
2026-05-11 17:26:58 INFO [17:26:58][日志]获取历史 200 成功了喵~
2026-05-11 17:27:00 INFO [17:27:00][日志]获取历史 200 成功了喵~
2026-05-11 17:27:01 INFO [17:27:01][日志]打开角色状态面板模块 200 成功了喵~
2026-05-11 17:27:02 INFO [17:27:02][日志]获取历史 200 成功了喵~
2026-05-11 17:27:37 INFO [17:27:37][日志]获取历史 200 成功了喵~
2026-05-11 17:27:37 INFO [17:27:37][日志]打开角色状态面板模块 200 成功了喵~
2026-05-11 17:34:41 INFO [17:34:41][日志]打开入口 307 成功了喵~
2026-05-11 17:34:41 INFO [17:34:41][日志]访问页面 200 成功了喵~
2026-05-11 17:34:41 INFO [17:34:41][日志]打开心笺模块 200 成功了喵~
2026-05-11 17:34:41 INFO [17:34:41][日志]访问页面 200 成功了喵~
2026-05-11 17:34:41 INFO [17:34:41][日志]获取预设 200 成功了喵~
2026-05-11 17:34:41 INFO [17:34:41][日志]获取世界书 200 成功了喵~
2026-05-11 17:34:41 INFO [17:34:41][日志]打开心笺模块 200 成功了喵~
2026-05-11 17:34:41 INFO [17:34:41][日志]打开心笺模块 200 成功了喵~
2026-05-11 17:34:41 INFO [17:34:41][日志]打开角色状态面板模块 200 成功了喵~
2026-05-11 17:34:41 INFO [17:34:41][日志]打开角色状态面板模块 200 成功了喵~
2026-05-11 17:34:41 INFO [17:34:41][日志]打开心笺模块 200 成功了喵~
2026-05-11 17:34:41 INFO [17:34:41][日志]获取历史 200 成功了喵~
2026-05-11 17:34:43 INFO [17:34:43][日志]获取历史 200 成功了喵~
2026-05-11 17:34:44 INFO [17:34:44][日志]打开酒馆卡转换器模块 200 成功了喵~
2026-05-11 17:34:44 INFO [17:34:44][日志]打开酒馆卡转换器模块 304 成功了喵~
2026-05-11 17:34:44 INFO [17:34:44][日志]打开酒馆卡转换器模块 304 成功了喵~
2026-05-11 17:34:48 INFO [17:34:48][日志]获取历史 200 成功了喵~
2026-05-11 17:34:49 INFO [17:34:49][日志]获取历史 200 成功了喵~
2026-05-11 17:34:51 INFO [17:34:51][日志]获取历史 200 成功了喵~
2026-05-11 17:34:53 INFO [17:34:53][日志]获取历史 200 成功了喵~
2026-05-11 17:34:55 INFO [17:34:55][日志]获取历史 200 成功了喵~
2026-05-11 17:34:56 INFO [17:34:56][日志]打开角色状态面板模块 200 成功了喵~
2026-05-11 17:34:57 INFO [17:34:57][日志]获取历史 200 成功了喵~
2026-05-11 17:34:59 INFO [17:34:59][日志]获取历史 200 成功了喵~
2026-05-11 17:35:01 INFO [17:35:01][日志]获取历史 200 成功了喵~
2026-05-11 17:35:03 INFO [17:35:03][日志]获取历史 200 成功了喵~
2026-05-11 17:35:05 INFO [17:35:05][日志]获取历史 200 成功了喵~
2026-05-11 17:35:07 INFO [17:35:07][日志]获取历史 200 成功了喵~
2026-05-11 17:35:07 INFO [17:35:07][日志]打开酒馆卡转换器模块 200 成功了喵~
2026-05-11 17:38:22 INFO [17:38:22][日志]打开酒馆卡转换器模块 400 出错了喵呜...
2026-05-11 17:38:43 INFO [17:38:43][日志]打开酒馆卡转换器模块 400 出错了喵呜...
2026-05-11 18:31:59 INFO [18:31:59][日志]打开酒馆卡转换器模块 200 成功了喵~
2026-05-11 18:32:01 INFO [18:32:01][日志]打开酒馆卡转换器模块 200 成功了喵~
2026-05-11 18:32:04 INFO [18:32:04][日志]打开酒馆卡转换器模块 200 成功了喵~
2026-05-11 18:38:57 INFO [18:38:57][日志]打开酒馆卡转换器模块 200 成功了喵~
2026-05-11 18:38:58 INFO [18:38:58][日志]打开酒馆卡转换器模块 200 成功了喵~
2026-05-11 18:39:01 INFO [18:39:01][日志]打开酒馆卡转换器模块 200 成功了喵~
2026-05-11 18:39:44 INFO [18:39:44][日志]打开入口 307 成功了喵~
2026-05-11 18:39:45 INFO [18:39:45][日志]访问页面 200 成功了喵~
2026-05-11 18:39:45 INFO [18:39:45][日志]打开心笺模块 304 成功了喵~
2026-05-11 18:39:45 INFO [18:39:45][日志]访问页面 304 成功了喵~
2026-05-11 18:39:45 INFO [18:39:45][日志]获取预设 200 成功了喵~
2026-05-11 18:39:45 INFO [18:39:45][日志]获取世界书 200 成功了喵~
2026-05-11 18:39:45 INFO [18:39:45][日志]打开角色状态面板模块 200 成功了喵~
2026-05-11 18:39:45 INFO [18:39:45][日志]打开心笺模块 200 成功了喵~
2026-05-11 18:39:45 INFO [18:39:45][日志]打开心笺模块 200 成功了喵~
2026-05-11 18:39:45 INFO [18:39:45][日志]打开角色状态面板模块 200 成功了喵~
2026-05-11 18:39:45 INFO [18:39:45][日志]打开心笺模块 200 成功了喵~
2026-05-11 18:39:45 INFO [18:39:45][日志]获取历史 200 成功了喵~
2026-05-11 18:39:47 INFO [18:39:47][日志]获取历史 200 成功了喵~
2026-05-11 18:39:49 INFO [18:39:49][日志]获取历史 200 成功了喵~
2026-05-11 18:39:51 INFO [18:39:51][日志]获取历史 200 成功了喵~
2026-05-11 18:39:53 INFO [18:39:53][日志]获取历史 200 成功了喵~
2026-05-11 18:39:55 INFO [18:39:55][日志]获取历史 200 成功了喵~
2026-05-11 18:39:57 INFO [18:39:57][日志]获取历史 200 成功了喵~
2026-05-11 18:39:58 INFO [18:39:58][日志]打开酒馆卡转换器模块 200 成功了喵~
2026-05-11 18:39:58 INFO [18:39:58][日志]打开酒馆卡转换器模块 200 成功了喵~
2026-05-11 18:39:58 INFO [18:39:58][日志]打开酒馆卡转换器模块 200 成功了喵~
2026-05-11 18:40:09 INFO [18:40:09][日志]访问页面 200 成功了喵~
2026-05-11 18:40:09 INFO [18:40:09][日志]获取预设 200 成功了喵~
2026-05-11 18:40:09 INFO [18:40:09][日志]打开心笺模块 200 成功了喵~
2026-05-11 18:40:09 INFO [18:40:09][日志]打开角色状态面板模块 200 成功了喵~
2026-05-11 18:40:09 INFO [18:40:09][日志]获取世界书 200 成功了喵~
2026-05-11 18:40:09 INFO [18:40:09][日志]打开心笺模块 200 成功了喵~
2026-05-11 18:40:09 INFO [18:40:09][日志]打开角色状态面板模块 200 成功了喵~
2026-05-11 18:40:09 INFO [18:40:09][日志]打开心笺模块 200 成功了喵~
2026-05-11 18:40:09 INFO [18:40:09][日志]获取历史 200 成功了喵~
2026-05-11 18:40:11 INFO [18:40:11][日志]获取历史 200 成功了喵~
2026-05-11 18:40:12 INFO [18:40:12][日志]打开酒馆卡转换器模块 200 成功了喵~
2026-05-11 18:40:12 INFO [18:40:12][日志]打开酒馆卡转换器模块 304 成功了喵~
2026-05-11 18:40:12 INFO [18:40:12][日志]打开酒馆卡转换器模块 304 成功了喵~
2026-05-11 18:40:25 INFO [18:40:25][日志]打开酒馆卡转换器模块 200 成功了喵~
2026-05-11 18:52:28 INFO [18:52:28][日志]打开酒馆卡转换器模块 200 成功了喵~
2026-05-11 18:57:53 INFO [18:57:53][日志]访问页面 200 成功了喵~
2026-05-11 18:57:53 INFO [18:57:53][日志]打开心笺模块 304 成功了喵~
2026-05-11 18:57:53 INFO [18:57:53][日志]访问页面 304 成功了喵~
2026-05-11 18:57:53 INFO [18:57:53][日志]获取预设 200 成功了喵~
2026-05-11 18:57:53 INFO [18:57:53][日志]获取世界书 200 成功了喵~
2026-05-11 18:57:53 INFO [18:57:53][日志]打开心笺模块 200 成功了喵~
2026-05-11 18:57:54 INFO [18:57:54][日志]打开心笺模块 200 成功了喵~
2026-05-11 18:57:54 INFO [18:57:54][日志]打开角色状态面板模块 200 成功了喵~
2026-05-11 18:57:54 INFO [18:57:54][日志]打开心笺模块 200 成功了喵~
2026-05-11 18:57:54 INFO [18:57:54][日志]打开角色状态面板模块 200 成功了喵~
2026-05-11 18:57:54 INFO [18:57:54][日志]获取历史 200 成功了喵~
2026-05-11 18:57:56 INFO [18:57:56][日志]获取历史 200 成功了喵~
2026-05-11 18:57:58 INFO [18:57:58][日志]获取历史 200 成功了喵~
2026-05-11 18:58:00 INFO [18:58:00][日志]获取历史 200 成功了喵~
2026-05-11 18:58:02 INFO [18:58:02][日志]获取历史 200 成功了喵~
2026-05-11 18:58:04 INFO [18:58:04][日志]获取历史 200 成功了喵~
2026-05-11 18:58:06 INFO [18:58:06][日志]获取历史 200 成功了喵~
2026-05-11 18:58:08 INFO [18:58:08][日志]获取历史 200 成功了喵~
2026-05-11 18:58:09 INFO [18:58:09][日志]打开角色状态面板模块 200 成功了喵~
2026-05-11 18:58:10 INFO [18:58:10][日志]获取历史 200 成功了喵~
2026-05-11 18:58:12 INFO [18:58:12][日志]获取历史 200 成功了喵~
2026-05-11 18:58:14 INFO [18:58:14][日志]获取历史 200 成功了喵~
2026-05-11 18:58:16 INFO [18:58:16][日志]获取历史 200 成功了喵~
2026-05-11 18:58:18 INFO [18:58:18][日志]获取历史 200 成功了喵~
2026-05-11 18:58:20 INFO [18:58:20][日志]获取历史 200 成功了喵~
2026-05-11 18:58:22 INFO [18:58:22][日志]获取历史 200 成功了喵~
2026-05-11 18:58:24 INFO [18:58:24][日志]打开角色状态面板模块 200 成功了喵~
2026-05-11 18:58:24 INFO [18:58:24][日志]获取历史 200 成功了喵~
2026-05-11 18:58:26 INFO [18:58:26][日志]获取历史 200 成功了喵~
2026-05-11 18:58:28 INFO [18:58:28][日志]获取历史 200 成功了喵~
2026-05-11 18:58:30 INFO [18:58:30][日志]获取历史 200 成功了喵~
2026-05-11 18:58:32 INFO [18:58:32][日志]获取历史 200 成功了喵~
2026-05-11 18:58:34 INFO [18:58:34][日志]获取历史 200 成功了喵~
2026-05-11 18:58:36 INFO [18:58:36][日志]获取历史 200 成功了喵~
2026-05-11 18:58:38 INFO [18:58:38][日志]获取历史 200 成功了喵~
2026-05-11 18:58:39 INFO [18:58:39][日志]打开角色状态面板模块 200 成功了喵~
2026-05-11 18:58:40 INFO [18:58:40][日志]获取历史 200 成功了喵~
2026-05-11 18:58:42 INFO [18:58:42][日志]获取历史 200 成功了喵~
2026-05-11 18:58:44 INFO [18:58:44][日志]获取历史 200 成功了喵~
2026-05-11 18:58:46 INFO [18:58:46][日志]获取历史 200 成功了喵~
2026-05-11 18:58:48 INFO [18:58:48][日志]获取历史 200 成功了喵~
2026-05-11 18:58:50 INFO [18:58:50][日志]获取历史 200 成功了喵~
2026-05-11 18:58:52 INFO [18:58:52][日志]获取历史 200 成功了喵~
2026-05-11 18:58:54 INFO [18:58:54][日志]打开角色状态面板模块 200 成功了喵~
2026-05-11 18:58:54 INFO [18:58:54][日志]获取历史 200 成功了喵~
2026-05-11 18:58:56 INFO [18:58:56][日志]获取历史 200 成功了喵~
2026-05-11 18:59:09 INFO [18:59:09][日志]打开角色状态面板模块 200 成功了喵~
2026-05-11 18:59:24 INFO [18:59:24][日志]打开角色状态面板模块 200 成功了喵~
2026-05-11 18:59:37 INFO [18:59:37][日志]获取历史 200 成功了喵~
2026-05-11 19:00:24 INFO [19:00:24][日志]获取历史 200 成功了喵~
2026-05-11 19:00:24 INFO [19:00:24][日志]打开角色状态面板模块 200 成功了喵~
2026-05-11 19:00:26 INFO [19:00:26][日志]获取历史 200 成功了喵~
2026-05-11 19:00:28 INFO [19:00:28][日志]获取历史 200 成功了喵~
2026-05-11 19:00:30 INFO [19:00:30][日志]获取历史 200 成功了喵~
2026-05-11 19:00:32 INFO [19:00:32][日志]获取历史 200 成功了喵~
2026-05-11 19:00:33 INFO [19:00:33][日志]打开酒馆卡转换器模块 200 成功了喵~
2026-05-11 19:00:33 INFO [19:00:33][日志]打开酒馆卡转换器模块 304 成功了喵~
2026-05-11 19:00:33 INFO [19:00:33][日志]打开酒馆卡转换器模块 304 成功了喵~
2026-05-11 19:13:26 INFO [19:13:26][日志]打开酒馆卡转换器模块 200 成功了喵~
2026-05-11 19:13:29 INFO [19:13:29][日志]打开酒馆卡转换器模块 200 成功了喵~
2026-05-11 19:13:29 INFO [19:13:29][日志]打开酒馆卡转换器模块 200 成功了喵~
2026-05-11 19:13:32 INFO [19:13:32][日志]打开酒馆卡转换器模块 200 成功了喵~
2026-05-11 19:13:32 INFO [19:13:32][日志]打开酒馆卡转换器模块 200 成功了喵~
2026-05-11 20:18:16 INFO [20:18:16][日志]打开入口 307 成功了喵~
2026-05-11 20:18:16 INFO [20:18:16][日志]访问页面 200 成功了喵~
2026-05-11 20:18:16 INFO [20:18:16][日志]访问页面 304 成功了喵~
2026-05-11 20:18:16 INFO [20:18:16][日志]打开角色状态面板模块 304 成功了喵~
2026-05-11 20:18:16 INFO [20:18:16][日志]打开心笺模块 304 成功了喵~
2026-05-11 20:18:16 INFO [20:18:16][日志]打开角色状态面板模块 304 成功了喵~
2026-05-11 20:18:16 INFO [20:18:16][日志]访问页面 304 成功了喵~
2026-05-11 20:18:16 INFO [20:18:16][日志]访问页面 304 成功了喵~
2026-05-11 20:18:16 INFO [20:18:16][日志]访问页面 304 成功了喵~
2026-05-11 20:18:16 INFO [20:18:16][日志]访问页面 304 成功了喵~
2026-05-11 20:18:16 INFO [20:18:16][日志]访问页面 304 成功了喵~
2026-05-11 20:18:16 INFO [20:18:16][日志]访问页面 304 成功了喵~
2026-05-11 20:18:16 INFO [20:18:16][日志]访问页面 304 成功了喵~
2026-05-11 20:18:16 INFO [20:18:16][日志]访问页面 304 成功了喵~
2026-05-11 20:18:16 INFO [20:18:16][日志]打开角色状态面板模块 304 成功了喵~
2026-05-11 20:18:16 INFO [20:18:16][日志]访问页面 304 成功了喵~
2026-05-11 20:18:16 INFO [20:18:16][日志]访问页面 304 成功了喵~
2026-05-11 20:18:16 INFO [20:18:16][日志]访问页面 304 成功了喵~
2026-05-11 20:18:16 INFO [20:18:16][日志]访问页面 304 成功了喵~
2026-05-11 20:18:16 INFO [20:18:16][日志]访问页面 304 成功了喵~
2026-05-11 20:18:16 INFO [20:18:16][日志]打开角色状态面板模块 304 成功了喵~
2026-05-11 20:18:16 INFO [20:18:16][日志]打开角色状态面板模块 304 成功了喵~
2026-05-11 20:18:16 INFO [20:18:16][日志]打开角色状态面板模块 304 成功了喵~
2026-05-11 20:18:16 INFO [20:18:16][日志]打开角色状态面板模块 304 成功了喵~
2026-05-11 20:18:16 INFO [20:18:16][日志]打开角色状态面板模块 304 成功了喵~
2026-05-11 20:18:16 INFO [20:18:16][日志]访问页面 304 成功了喵~
2026-05-11 20:18:16 INFO [20:18:16][日志]获取预设 200 成功了喵~
2026-05-11 20:18:16 INFO [20:18:16][日志]获取世界书 200 成功了喵~
2026-05-11 20:18:16 INFO [20:18:16][日志]打开心笺模块 200 成功了喵~
2026-05-11 20:18:16 INFO [20:18:16][日志]打开角色状态面板模块 200 成功了喵~
2026-05-11 20:18:16 INFO [20:18:16][日志]打开心笺模块 200 成功了喵~
2026-05-11 20:18:16 INFO [20:18:16][日志]打开心笺模块 200 成功了喵~
2026-05-11 20:18:16 INFO [20:18:16][日志]打开角色状态面板模块 200 成功了喵~
2026-05-11 20:18:16 INFO [20:18:16][日志]获取历史 200 成功了喵~
2026-05-11 20:18:18 INFO [20:18:18][日志]获取历史 200 成功了喵~
2026-05-11 20:18:20 INFO [20:18:20][日志]打开酒馆卡转换器模块 200 成功了喵~
2026-05-11 20:18:20 INFO [20:18:20][日志]打开酒馆卡转换器模块 200 成功了喵~
2026-05-11 20:18:20 INFO [20:18:20][日志]打开酒馆卡转换器模块 200 成功了喵~
2026-05-11 20:18:26 INFO [20:18:26][日志]访问页面 200 成功了喵~
2026-05-11 20:18:26 INFO [20:18:26][日志]获取预设 200 成功了喵~
2026-05-11 20:18:26 INFO [20:18:26][日志]获取世界书 200 成功了喵~
2026-05-11 20:18:26 INFO [20:18:26][日志]打开角色状态面板模块 200 成功了喵~
2026-05-11 20:18:26 INFO [20:18:26][日志]打开心笺模块 200 成功了喵~
2026-05-11 20:18:26 INFO [20:18:26][日志]打开心笺模块 200 成功了喵~
2026-05-11 20:18:26 INFO [20:18:26][日志]打开角色状态面板模块 200 成功了喵~
2026-05-11 20:18:26 INFO [20:18:26][日志]获取历史 200 成功了喵~
2026-05-11 20:18:26 INFO [20:18:26][日志]打开心笺模块 200 成功了喵~
2026-05-11 20:18:28 INFO [20:18:28][日志]打开酒馆卡转换器模块 200 成功了喵~
2026-05-11 20:18:55 INFO [20:18:55][日志]打开酒馆卡转换器模块 200 成功了喵~
2026-05-11 20:20:11 INFO [20:20:11][日志]打开酒馆卡转换器模块 200 成功了喵~
2026-05-11 20:22:05 INFO [20:22:05][日志]打开酒馆卡转换器模块 200 成功了喵~
2026-05-11 20:43:26 INFO [20:43:26][日志]打开酒馆卡转换器模块 200 成功了喵~
2026-05-11 20:43:29 INFO [20:43:29][日志]打开酒馆卡转换器模块 200 成功了喵~
2026-05-11 20:43:29 INFO [20:43:29][日志]打开酒馆卡转换器模块 200 成功了喵~
2026-05-11 20:43:29 INFO [20:43:29][日志]打开酒馆卡转换器模块 400 出错了喵呜...
2026-05-11 20:43:29 INFO [20:43:29][日志]打开酒馆卡转换器模块 200 成功了喵~
2026-05-11 20:45:47 INFO [20:45:47][日志]打开入口 307 成功了喵~
2026-05-11 20:45:47 INFO [20:45:47][日志]访问页面 200 成功了喵~
2026-05-11 20:45:47 INFO [20:45:47][日志]打开心笺模块 304 成功了喵~
2026-05-11 20:45:47 INFO [20:45:47][日志]访问页面 304 成功了喵~
2026-05-11 20:45:47 INFO [20:45:47][日志]获取预设 200 成功了喵~
2026-05-11 20:45:47 INFO [20:45:47][日志]获取世界书 200 成功了喵~
2026-05-11 20:45:48 INFO [20:45:48][日志]打开角色状态面板模块 200 成功了喵~
2026-05-11 20:45:48 INFO [20:45:48][日志]打开心笺模块 200 成功了喵~
2026-05-11 20:45:48 INFO [20:45:48][日志]打开心笺模块 200 成功了喵~
2026-05-11 20:45:48 INFO [20:45:48][日志]打开角色状态面板模块 200 成功了喵~
2026-05-11 20:45:48 INFO [20:45:48][日志]打开心笺模块 200 成功了喵~
2026-05-11 20:45:48 INFO [20:45:48][日志]获取历史 200 成功了喵~
2026-05-11 20:45:50 INFO [20:45:50][日志]获取历史 200 成功了喵~
2026-05-11 20:45:52 INFO [20:45:52][日志]获取历史 200 成功了喵~
2026-05-11 20:45:52 INFO [20:45:52][日志]打开酒馆卡转换器模块 200 成功了喵~
2026-05-11 20:45:52 INFO [20:45:52][日志]打开酒馆卡转换器模块 200 成功了喵~
2026-05-11 20:45:52 INFO [20:45:52][日志]打开酒馆卡转换器模块 200 成功了喵~
2026-05-11 20:46:06 INFO [20:46:06][日志]打开酒馆卡转换器模块 200 成功了喵~
2026-05-11 20:46:19 INFO [20:46:19][日志]打开酒馆卡转换器模块 200 成功了喵~
2026-05-11 20:46:47 INFO [20:46:47][日志]打开酒馆卡转换器模块 200 成功了喵~
2026-05-11 20:47:09 INFO [20:47:09][日志]打开酒馆卡转换器模块 200 成功了喵~
2026-05-11 20:48:05 INFO [20:48:05][日志]访问页面 200 成功了喵~
2026-05-11 20:48:05 INFO [20:48:05][日志]获取预设 200 成功了喵~
2026-05-11 20:48:05 INFO [20:48:05][日志]打开心笺模块 200 成功了喵~
2026-05-11 20:48:05 INFO [20:48:05][日志]获取世界书 200 成功了喵~
2026-05-11 20:48:05 INFO [20:48:05][日志]打开心笺模块 200 成功了喵~
2026-05-11 20:48:05 INFO [20:48:05][日志]打开角色状态面板模块 200 成功了喵~
2026-05-11 20:48:05 INFO [20:48:05][日志]打开角色状态面板模块 200 成功了喵~
2026-05-11 20:48:05 INFO [20:48:05][日志]打开心笺模块 200 成功了喵~
2026-05-11 20:48:05 INFO [20:48:05][日志]获取历史 200 成功了喵~
